[0.369s] Invoking command in '/root/catkin_ws/build/iahrs_driver_interface': CMAKE_PREFIX_PATH=${CMAKE_PREFIX_PATH}:/root/catkin_ws/install/topic_service_action_rclpy_example:/root/catkin_ws/install/time_rclpy_example:/root/catkin_ws/install/tf2_rclpy_example:/root/catkin_ws/install/ros2env:/root/catkin_ws/install/omo_r1mini_teleop:/root/catkin_ws/install/omo_r1mini_bringup:/root/catkin_ws/install/my_first_ros_rclpy_pkg:/root/catkin_ws/install/logging_rclpy_example:/root/catkin_ws/install/iahrs_driver:/root/install/topic_service_action_rclpy_example:/root/install/time_rclpy_example:/root/install/tf2_rclpy_example:/root/install/ros2env:/root/install/omo_r1mini_teleop:/root/install/omo_r1mini_bringup:/root/install/my_first_ros_rclpy_pkg:/root/install/logging_rclpy_example:/root/catkin_ws/src/install/topic_service_action_rclpy_example:/root/catkin_ws/src/install/time_rclpy_example:/root/catkin_ws/src/install/tf2_rclpy_example:/root/catkin_ws/src/install/ros2env:/root/catkin_ws/src/install/omo_r1mini_teleop:/root/catkin_ws/src/install/omo_r1mini_bringup:/root/catkin_ws/src/install/my_first_ros_rclpy_pkg:/root/catkin_ws/src/install/logging_rclpy_example:/opt/ros/foxy /usr/bin/cmake --build /root/catkin_ws/build/iahrs_driver_interface -- -j12 -l12
[0.918s] make[2]: *** No rule to make target '/opt/ros/foxy/lib/libfastrtps.so.2.1.2', needed by 'libiahrs_driver_interface__rosidl_typesupport_fastrtps_cpp.so'.  Stop.
[0.918s] make[1]: *** [CMakeFiles/Makefile2:300: CMakeFiles/iahrs_driver_interface__rosidl_typesupport_fastrtps_cpp.dir/all] Error 2
[0.918s] make[1]: *** Waiting for unfinished jobs....
[0.919s] make: *** [Makefile:141: all] Error 2
[0.919s] [  3%] Built target iahrs_driver_interface__cpp
[0.920s] [ 12%] Built target iahrs_driver_interface__rosidl_generator_c
[0.921s] [ 51%] Built target iahrs_driver_interface__rosidl_typesupport_c
[0.921s] [ 51%] Built target iahrs_driver_interface__rosidl_typesupport_introspection_c
[0.922s] [ 51%] Built target iahrs_driver_interface__rosidl_typesupport_introspection_cpp
[0.922s] [ 51%] Built target iahrs_driver_interface__rosidl_typesupport_cpp
[0.930s] Invoked command in '/root/catkin_ws/build/iahrs_driver_interface' returned '2': CMAKE_PREFIX_PATH=${CMAKE_PREFIX_PATH}:/root/catkin_ws/install/topic_service_action_rclpy_example:/root/catkin_ws/install/time_rclpy_example:/root/catkin_ws/install/tf2_rclpy_example:/root/catkin_ws/install/ros2env:/root/catkin_ws/install/omo_r1mini_teleop:/root/catkin_ws/install/omo_r1mini_bringup:/root/catkin_ws/install/my_first_ros_rclpy_pkg:/root/catkin_ws/install/logging_rclpy_example:/root/catkin_ws/install/iahrs_driver:/root/install/topic_service_action_rclpy_example:/root/install/time_rclpy_example:/root/install/tf2_rclpy_example:/root/install/ros2env:/root/install/omo_r1mini_teleop:/root/install/omo_r1mini_bringup:/root/install/my_first_ros_rclpy_pkg:/root/install/logging_rclpy_example:/root/catkin_ws/src/install/topic_service_action_rclpy_example:/root/catkin_ws/src/install/time_rclpy_example:/root/catkin_ws/src/install/tf2_rclpy_example:/root/catkin_ws/src/install/ros2env:/root/catkin_ws/src/install/omo_r1mini_teleop:/root/catkin_ws/src/install/omo_r1mini_bringup:/root/catkin_ws/src/install/my_first_ros_rclpy_pkg:/root/catkin_ws/src/install/logging_rclpy_example:/opt/ros/foxy /usr/bin/cmake --build /root/catkin_ws/build/iahrs_driver_interface -- -j12 -l12
